
-----
Test: tests/test_by_product.py::test_by_product_2 (call)
Start time: 2023-10-27 13:44:49.345357
Start name method: authorization

End time: 2023-10-27 13:45:03.664410
End name method: authorization
URL: https://1001puzzle.ru/personal/

-----

-----
Test: tests/test_by_product.py::test_by_product_2 (call)
Start time: 2023-10-27 13:45:03.664410
Start name method: select_product2

End time: 2023-10-27 13:45:22.751982
End name method: select_product2
URL: https://1001puzzle.ru/personal/cart/

-----

-----
Test: tests/test_by_product.py::test_by_product_3 (call)
Start time: 2023-10-27 13:45:38.693411
Start name method: authorization

End time: 2023-10-27 13:45:51.221352
End name method: authorization
URL: https://1001puzzle.ru/personal/

-----

-----
Test: tests/test_by_product.py::test_by_product_3 (call)
Start time: 2023-10-27 13:45:51.221352
Start name method: select_product3

End time: 2023-10-27 13:46:09.559545
End name method: select_product3
URL: https://1001puzzle.ru/personal/cart/

-----

-----
Test: tests/test_by_product.py::test_by_product_1 (call)
Start time: 2023-10-27 13:46:24.109073
Start name method: authorization

End time: 2023-10-27 13:46:38.129146
End name method: authorization
URL: https://1001puzzle.ru/personal/

-----

-----
Test: tests/test_by_product.py::test_by_product_1 (call)
Start time: 2023-10-27 13:46:38.130146
Start name method: select_product1

End time: 2023-10-27 13:46:56.958554
End name method: select_product1
URL: https://1001puzzle.ru/personal/cart/

-----

-----
Test: tests/test_by_product.py::test_by_product_1 (call)
Start time: 2023-10-27 13:47:04.202402
Start name method: input_information

End time: 2023-10-27 13:47:06.719022
End name method: input_information
URL: https://1001puzzle.ru/personal/order/make/

-----

-----
Test: tests/test_by_product.py::test_by_product_1 (call)
Start time: 2023-10-27 13:47:06.719022
Start name method: payment

End time: 2023-10-27 13:47:06.728022
End name method: payment
URL: https://1001puzzle.ru/personal/order/make/

-----

-----
Test: tests/test_by_product.py::test_by_product_1 (call)
Start time: 2023-10-27 13:47:06.728022
Start name method: finish

End time: 2023-10-27 13:47:06.744022
End name method: finish
URL: https://1001puzzle.ru/personal/order/make/

-----

-----
Test: tests/test_about_puzzle.py::test_puzzle_review (call)
Start time: 2023-10-27 13:47:20.991500
Start name method: authorization

End time: 2023-10-27 13:47:33.803294
End name method: authorization
URL: https://1001puzzle.ru/personal/

-----

-----
Test: tests/test_about_puzzle.py::test_puzzle_review (call)
Start time: 2023-10-27 13:47:33.803294
Start name method: select_about_puzzle

End time: 2023-10-27 13:47:53.219085
End name method: select_about_puzzle
URL: https://1001puzzle.ru/obzory/429295/

-----
