
-----
Test: tests/test_about_puzzle.py::test_puzzle_review (call)
Start time: 2023-12-24 16:50:11.312089
Start name method: authorization

End time: 2023-12-24 16:50:25.996375
End name method: authorization
URL: https://1001puzzle.ru/personal/

-----

-----
Test: tests/test_about_puzzle.py::test_puzzle_review (call)
Start time: 2023-12-24 16:50:25.996375
Start name method: select_about_puzzle

End time: 2023-12-24 16:50:45.849636
End name method: select_about_puzzle
URL: https://1001puzzle.ru/obzory/429295/

-----

-----
Test: tests/test_by_product.py::test_by_product_1 (call)
Start time: 2023-12-24 16:50:53.517563
Start name method: authorization

End time: 2023-12-24 16:51:06.438128
End name method: authorization
URL: https://1001puzzle.ru/personal/

-----

-----
Test: tests/test_by_product.py::test_by_product_1 (call)
Start time: 2023-12-24 16:51:06.438128
Start name method: select_product1

End time: 2023-12-24 16:51:25.560559
End name method: select_product1
URL: https://1001puzzle.ru/personal/cart/

-----

-----
Test: tests/test_by_product.py::test_by_product_2 (call)
Start time: 2023-12-24 16:51:39.410164
Start name method: authorization

End time: 2023-12-24 16:51:52.648487
End name method: authorization
URL: https://1001puzzle.ru/personal/

-----

-----
Test: tests/test_by_product.py::test_by_product_2 (call)
Start time: 2023-12-24 16:51:52.648487
Start name method: select_product2

End time: 2023-12-24 16:52:11.972292
End name method: select_product2
URL: https://1001puzzle.ru/personal/cart/

-----

-----
Test: tests/test_by_product.py::test_by_product_3 (call)
Start time: 2023-12-24 16:52:25.776890
Start name method: authorization

End time: 2023-12-24 16:52:39.061241
End name method: authorization
URL: https://1001puzzle.ru/personal/

-----

-----
Test: tests/test_by_product.py::test_by_product_3 (call)
Start time: 2023-12-24 16:52:39.061241
Start name method: select_product1

End time: 2023-12-24 16:52:59.037815
End name method: select_product1
URL: https://1001puzzle.ru/personal/cart/

-----

-----
Test: tests/test_by_product.py::test_by_product_3 (call)
Start time: 2023-12-24 16:53:04.982613
Start name method: input_information

End time: 2023-12-24 16:53:07.288116
End name method: input_information
URL: https://1001puzzle.ru/personal/order/make/

-----

-----
Test: tests/test_by_product.py::test_by_product_3 (call)
Start time: 2023-12-24 16:53:07.289116
Start name method: payment

End time: 2023-12-24 16:53:07.297116
End name method: payment
URL: https://1001puzzle.ru/personal/order/make/

-----

-----
Test: tests/test_by_product.py::test_by_product_3 (call)
Start time: 2023-12-24 16:53:07.297116
Start name method: finish

End time: 2023-12-24 16:53:07.313117
End name method: finish
URL: https://1001puzzle.ru/personal/order/make/

-----
