
-----
Test: tests/test_by_product.py::test_by_product_2 (call)
Start time: 2023-10-27 14:00:18.788492
Start name method: authorization

End time: 2023-10-27 14:00:32.433672
End name method: authorization
URL: https://1001puzzle.ru/personal/

-----

-----
Test: tests/test_by_product.py::test_by_product_2 (call)
Start time: 2023-10-27 14:00:32.434673
Start name method: select_product2

End time: 2023-10-27 14:00:51.831458
End name method: select_product2
URL: https://1001puzzle.ru/personal/cart/

-----

-----
Test: tests/test_by_product.py::test_by_product_3 (call)
Start time: 2023-10-27 14:01:05.266112
Start name method: authorization

End time: 2023-10-27 14:01:18.386951
End name method: authorization
URL: https://1001puzzle.ru/personal/

-----

-----
Test: tests/test_by_product.py::test_by_product_3 (call)
Start time: 2023-10-27 14:01:18.387542
Start name method: select_product3

End time: 2023-10-27 14:01:37.081781
End name method: select_product3
URL: https://1001puzzle.ru/personal/cart/

-----

-----
Test: tests/test_by_product.py::test_by_product_1 (call)
Start time: 2023-10-27 14:01:51.125574
Start name method: authorization

End time: 2023-10-27 14:02:04.383515
End name method: authorization
URL: https://1001puzzle.ru/personal/

-----

-----
Test: tests/test_by_product.py::test_by_product_1 (call)
Start time: 2023-10-27 14:02:04.383515
Start name method: select_product1

End time: 2023-10-27 14:02:22.360041
End name method: select_product1
URL: https://1001puzzle.ru/personal/cart/

-----

-----
Test: tests/test_by_product.py::test_by_product_1 (call)
Start time: 2023-10-27 14:02:28.240533
Start name method: input_information

End time: 2023-10-27 14:03:06.387957
End name method: input_information
URL: https://1001puzzle.ru/personal/order/make/

-----

-----
Test: tests/test_by_product.py::test_by_product_1 (call)
Start time: 2023-10-27 14:03:06.387957
Start name method: payment

End time: 2023-10-27 14:03:06.396958
End name method: payment
URL: https://1001puzzle.ru/personal/order/make/

-----

-----
Test: tests/test_by_product.py::test_by_product_1 (call)
Start time: 2023-10-27 14:03:06.396958
Start name method: finish

End time: 2023-10-27 14:03:06.411958
End name method: finish
URL: https://1001puzzle.ru/personal/order/make/

-----

-----
Test: tests/test_about_puzzle.py::test_puzzle_review (call)
Start time: 2023-10-27 14:03:21.065577
Start name method: authorization

End time: 2023-10-27 14:03:34.504205
End name method: authorization
URL: https://1001puzzle.ru/personal/

-----

-----
Test: tests/test_about_puzzle.py::test_puzzle_review (call)
Start time: 2023-10-27 14:03:34.504205
Start name method: select_about_puzzle

End time: 2023-10-27 14:03:54.450934
End name method: select_about_puzzle
URL: https://1001puzzle.ru/obzory/429295/

-----
