
-----
Test: tests/test_by_product.py::test_by_product_2 (call)
Start time: 2023-10-11 12:04:32.382979
Start name method: authorization

End time: 2023-10-11 12:04:45.825036
End name method: authorization
URL: https://1001puzzle.ru/personal/

-----

-----
Test: tests/test_by_product.py::test_by_product_2 (call)
Start time: 2023-10-11 12:04:45.825036
Start name method: select_product2

End time: 2023-10-11 12:05:06.224497
End name method: select_product2
URL: https://1001puzzle.ru/personal/cart/

-----

-----
Test: tests/test_by_product.py::test_by_product_3 (call)
Start time: 2023-10-11 12:05:19.310353
Start name method: authorization

End time: 2023-10-11 12:05:32.160686
End name method: authorization
URL: https://1001puzzle.ru/personal/

-----

-----
Test: tests/test_by_product.py::test_by_product_3 (call)
Start time: 2023-10-11 12:05:32.160686
Start name method: select_product3

End time: 2023-10-11 12:05:49.205481
End name method: select_product3
URL: https://1001puzzle.ru/personal/cart/

-----

-----
Test: tests/test_by_product.py::test_by_product_1 (call)
Start time: 2023-10-11 12:06:02.501023
Start name method: authorization

End time: 2023-10-11 12:06:15.755708
End name method: authorization
URL: https://1001puzzle.ru/personal/

-----

-----
Test: tests/test_by_product.py::test_by_product_1 (call)
Start time: 2023-10-11 12:06:15.756709
Start name method: select_product1

End time: 2023-10-11 12:06:35.899915
End name method: select_product1
URL: https://1001puzzle.ru/personal/cart/

-----

-----
Test: tests/test_by_product.py::test_by_product_1 (call)
Start time: 2023-10-11 12:06:41.765136
Start name method: input_information

End time: 2023-10-11 12:07:18.894230
End name method: input_information
URL: https://1001puzzle.ru/personal/order/make/

-----

-----
Test: tests/test_by_product.py::test_by_product_1 (call)
Start time: 2023-10-11 12:07:18.895229
Start name method: payment

End time: 2023-10-11 12:07:18.899228
End name method: payment
URL: https://1001puzzle.ru/personal/order/make/

-----

-----
Test: tests/test_by_product.py::test_by_product_1 (call)
Start time: 2023-10-11 12:07:18.900229
Start name method: finish

End time: 2023-10-11 12:07:19.097611
End name method: finish
URL: https://1001puzzle.ru/personal/order/make/

-----

-----
Test: tests/test_about_puzzle.py::test_puzzle_review (call)
Start time: 2023-10-11 12:07:32.596679
Start name method: authorization

End time: 2023-10-11 12:07:45.599788
End name method: authorization
URL: https://1001puzzle.ru/personal/

-----

-----
Test: tests/test_about_puzzle.py::test_puzzle_review (call)
Start time: 2023-10-11 12:07:45.599788
Start name method: select_about_puzzle

End time: 2023-10-11 12:08:04.411931
End name method: select_about_puzzle
URL: https://1001puzzle.ru/obzory/429295/

-----
