
-----
Test: tests/test_by_product.py::test_by_product_2 (call)
Start time: 2023-10-27 14:12:51.441457
Start name method: authorization

End time: 2023-10-27 14:13:05.902698
End name method: authorization
URL: https://1001puzzle.ru/personal/

-----

-----
Test: tests/test_by_product.py::test_by_product_2 (call)
Start time: 2023-10-27 14:13:05.902698
Start name method: select_product2

End time: 2023-10-27 14:13:25.886136
End name method: select_product2
URL: https://1001puzzle.ru/personal/cart/

-----

-----
Test: tests/test_by_product.py::test_by_product_3 (call)
Start time: 2023-10-27 14:13:39.570885
Start name method: authorization

End time: 2023-10-27 14:13:53.148759
End name method: authorization
URL: https://1001puzzle.ru/personal/

-----

-----
Test: tests/test_by_product.py::test_by_product_3 (call)
Start time: 2023-10-27 14:13:53.149761
Start name method: select_product3

End time: 2023-10-27 14:14:12.461382
End name method: select_product3
URL: https://1001puzzle.ru/personal/cart/

-----

-----
Test: tests/test_by_product.py::test_by_product_1 (call)
Start time: 2023-10-27 14:14:26.761756
Start name method: authorization

End time: 2023-10-27 14:14:39.751280
End name method: authorization
URL: https://1001puzzle.ru/personal/

-----

-----
Test: tests/test_by_product.py::test_by_product_1 (call)
Start time: 2023-10-27 14:14:39.751280
Start name method: select_product1

End time: 2023-10-27 14:14:59.417756
End name method: select_product1
URL: https://1001puzzle.ru/personal/cart/

-----

-----
Test: tests/test_by_product.py::test_by_product_1 (call)
Start time: 2023-10-27 14:15:05.933429
Start name method: input_information

End time: 2023-10-27 14:15:09.334139
End name method: input_information
URL: https://1001puzzle.ru/personal/order/make/

-----

-----
Test: tests/test_by_product.py::test_by_product_1 (call)
Start time: 2023-10-27 14:15:09.334139
Start name method: payment

End time: 2023-10-27 14:15:09.338138
End name method: payment
URL: https://1001puzzle.ru/personal/order/make/

-----

-----
Test: tests/test_by_product.py::test_by_product_1 (call)
Start time: 2023-10-27 14:15:09.338138
Start name method: finish

End time: 2023-10-27 14:15:09.354138
End name method: finish
URL: https://1001puzzle.ru/personal/order/make/

-----

-----
Test: tests/test_about_puzzle.py::test_puzzle_review (call)
Start time: 2023-10-27 14:15:24.151246
Start name method: authorization

End time: 2023-10-27 14:15:38.292784
End name method: authorization
URL: https://1001puzzle.ru/personal/

-----

-----
Test: tests/test_about_puzzle.py::test_puzzle_review (call)
Start time: 2023-10-27 14:15:38.292784
Start name method: select_about_puzzle

End time: 2023-10-27 14:15:58.782349
End name method: select_about_puzzle
URL: https://1001puzzle.ru/obzory/429295/

-----
