
-----
Test: tests/test_by_product.py::test_by_product_2 (call)
Start time: 2023-10-11 11:25:14.646750
Start name method: authorization

End time: 2023-10-11 11:25:29.111288
End name method: authorization
URL: https://1001puzzle.ru/personal/

-----

-----
Test: tests/test_by_product.py::test_by_product_2 (call)
Start time: 2023-10-11 11:25:29.111288
Start name method: select_product2

End time: 2023-10-11 11:25:46.567208
End name method: select_product2
URL: https://1001puzzle.ru/personal/cart/

-----

-----
Test: tests/test_by_product.py::test_by_product_3 (call)
Start time: 2023-10-11 11:26:00.964233
Start name method: authorization

End time: 2023-10-11 11:26:14.721646
End name method: authorization
URL: https://1001puzzle.ru/personal/

-----

-----
Test: tests/test_by_product.py::test_by_product_3 (call)
Start time: 2023-10-11 11:26:14.722679
Start name method: select_product3

End time: 2023-10-11 11:26:33.901608
End name method: select_product3
URL: https://1001puzzle.ru/personal/cart/

-----

-----
Test: tests/test_by_product.py::test_by_product_1 (call)
Start time: 2023-10-11 11:26:47.018285
Start name method: authorization

End time: 2023-10-11 11:27:00.795794
End name method: authorization
URL: https://1001puzzle.ru/personal/

-----

-----
Test: tests/test_by_product.py::test_by_product_1 (call)
Start time: 2023-10-11 11:27:00.795794
Start name method: select_product1

End time: 2023-10-11 11:27:18.380947
End name method: select_product1
URL: https://1001puzzle.ru/personal/cart/

-----

-----
Test: tests/test_by_product.py::test_by_product_1 (call)
Start time: 2023-10-11 11:27:23.842106
Start name method: input_information

End time: 2023-10-11 11:28:00.543501
End name method: input_information
URL: https://1001puzzle.ru/personal/order/make/

-----

-----
Test: tests/test_by_product.py::test_by_product_1 (call)
Start time: 2023-10-11 11:28:00.543501
Start name method: payment

End time: 2023-10-11 11:28:00.551499
End name method: payment
URL: https://1001puzzle.ru/personal/order/make/

-----

-----
Test: tests/test_by_product.py::test_by_product_1 (call)
Start time: 2023-10-11 11:28:00.551499
Start name method: finish

End time: 2023-10-11 11:28:00.761306
End name method: finish
URL: https://1001puzzle.ru/personal/order/make/

-----

-----
Test: tests/test_about_puzzle.py::test_puzzle_review (call)
Start time: 2023-10-11 11:28:13.677291
Start name method: authorization

End time: 2023-10-11 11:28:26.764755
End name method: authorization
URL: https://1001puzzle.ru/personal/

-----

-----
Test: tests/test_about_puzzle.py::test_puzzle_review (call)
Start time: 2023-10-11 11:28:26.765755
Start name method: select_about_puzzle

End time: 2023-10-11 11:28:44.333564
End name method: select_about_puzzle
URL: https://1001puzzle.ru/obzory/429295/

-----
