
-----
Test: tests/test_by_product.py::test_by_product_2 (call)
Start time: 2023-10-27 13:53:51.077628
Start name method: authorization

End time: 2023-10-27 13:54:03.759541
End name method: authorization
URL: https://1001puzzle.ru/personal/

-----

-----
Test: tests/test_by_product.py::test_by_product_2 (call)
Start time: 2023-10-27 13:54:03.759541
Start name method: select_product2

End time: 2023-10-27 13:54:21.795680
End name method: select_product2
URL: https://1001puzzle.ru/personal/cart/

-----

-----
Test: tests/test_by_product.py::test_by_product_3 (call)
Start time: 2023-10-27 13:54:35.792584
Start name method: authorization

End time: 2023-10-27 13:54:49.085451
End name method: authorization
URL: https://1001puzzle.ru/personal/

-----

-----
Test: tests/test_by_product.py::test_by_product_3 (call)
Start time: 2023-10-27 13:54:49.085451
Start name method: select_product3

End time: 2023-10-27 13:55:06.513028
End name method: select_product3
URL: https://1001puzzle.ru/personal/cart/

-----

-----
Test: tests/test_by_product.py::test_by_product_1 (call)
Start time: 2023-10-27 13:55:20.354371
Start name method: authorization

End time: 2023-10-27 13:55:33.040109
End name method: authorization
URL: https://1001puzzle.ru/personal/

-----

-----
Test: tests/test_by_product.py::test_by_product_1 (call)
Start time: 2023-10-27 13:55:33.040109
Start name method: select_product1

End time: 2023-10-27 13:55:52.077007
End name method: select_product1
URL: https://1001puzzle.ru/personal/cart/

-----

-----
Test: tests/test_by_product.py::test_by_product_1 (call)
Start time: 2023-10-27 13:55:58.711475
Start name method: input_information

End time: 2023-10-27 13:56:36.415663
End name method: input_information
URL: https://1001puzzle.ru/personal/order/make/

-----

-----
Test: tests/test_by_product.py::test_by_product_1 (call)
Start time: 2023-10-27 13:56:36.415663
Start name method: payment

End time: 2023-10-27 13:56:36.420662
End name method: payment
URL: https://1001puzzle.ru/personal/order/make/

-----

-----
Test: tests/test_by_product.py::test_by_product_1 (call)
Start time: 2023-10-27 13:56:36.420662
Start name method: finish

End time: 2023-10-27 13:56:36.436662
End name method: finish
URL: https://1001puzzle.ru/personal/order/make/

-----

-----
Test: tests/test_about_puzzle.py::test_puzzle_review (call)
Start time: 2023-10-27 13:56:50.449474
Start name method: authorization

End time: 2023-10-27 13:57:03.412846
End name method: authorization
URL: https://1001puzzle.ru/personal/

-----

-----
Test: tests/test_about_puzzle.py::test_puzzle_review (call)
Start time: 2023-10-27 13:57:03.413846
Start name method: select_about_puzzle

End time: 2023-10-27 13:57:24.486405
End name method: select_about_puzzle
URL: https://1001puzzle.ru/obzory/429295/

-----
