
-----
Test: tests/test_by_product.py::test_by_product_2 (call)
Start time: 2023-10-13 11:59:55.224214
Start name method: authorization

End time: 2023-10-13 12:00:08.566755
End name method: authorization
URL: https://1001puzzle.ru/personal/

-----

-----
Test: tests/test_by_product.py::test_by_product_2 (call)
Start time: 2023-10-13 12:00:08.567756
Start name method: select_product2

End time: 2023-10-13 12:00:26.147379
End name method: select_product2
URL: https://1001puzzle.ru/personal/cart/

-----

-----
Test: tests/test_by_product.py::test_by_product_3 (call)
Start time: 2023-10-13 12:00:39.014619
Start name method: authorization

End time: 2023-10-13 12:00:52.103679
End name method: authorization
URL: https://1001puzzle.ru/personal/

-----

-----
Test: tests/test_by_product.py::test_by_product_3 (call)
Start time: 2023-10-13 12:00:52.104678
Start name method: select_product3

End time: 2023-10-13 12:01:08.971134
End name method: select_product3
URL: https://1001puzzle.ru/personal/cart/

-----

-----
Test: tests/test_by_product.py::test_by_product_1 (call)
Start time: 2023-10-13 12:01:22.971078
Start name method: authorization

End time: 2023-10-13 12:01:36.001066
End name method: authorization
URL: https://1001puzzle.ru/personal/

-----

-----
Test: tests/test_by_product.py::test_by_product_1 (call)
Start time: 2023-10-13 12:01:36.002068
Start name method: select_product1

End time: 2023-10-13 12:01:53.601468
End name method: select_product1
URL: https://1001puzzle.ru/personal/cart/

-----

-----
Test: tests/test_by_product.py::test_by_product_1 (call)
Start time: 2023-10-13 12:01:59.146406
Start name method: input_information

End time: 2023-10-13 12:02:36.010413
End name method: input_information
URL: https://1001puzzle.ru/personal/order/make/

-----

-----
Test: tests/test_by_product.py::test_by_product_1 (call)
Start time: 2023-10-13 12:02:36.011412
Start name method: payment

End time: 2023-10-13 12:02:36.015412
End name method: payment
URL: https://1001puzzle.ru/personal/order/make/

-----

-----
Test: tests/test_by_product.py::test_by_product_1 (call)
Start time: 2023-10-13 12:02:36.015412
Start name method: finish

End time: 2023-10-13 12:02:36.031412
End name method: finish
URL: https://1001puzzle.ru/personal/order/make/

-----

-----
Test: tests/test_about_puzzle.py::test_puzzle_review (call)
Start time: 2023-10-13 12:02:48.787386
Start name method: authorization

End time: 2023-10-13 12:03:01.711902
End name method: authorization
URL: https://1001puzzle.ru/personal/

-----

-----
Test: tests/test_about_puzzle.py::test_puzzle_review (call)
Start time: 2023-10-13 12:03:01.712905
Start name method: select_about_puzzle

End time: 2023-10-13 12:03:21.997935
End name method: select_about_puzzle
URL: https://1001puzzle.ru/obzory/429295/

-----
