
-----
Test: tests/test_about_puzzle.py::test_puzzle_review (call)
Start time: 2023-12-24 16:15:02.156388
Start name method: authorization

End time: 2023-12-24 16:15:16.507630
End name method: authorization
URL: https://1001puzzle.ru/personal/

-----

-----
Test: tests/test_about_puzzle.py::test_puzzle_review (call)
Start time: 2023-12-24 16:15:16.508630
Start name method: select_about_puzzle


-----
Test: tests/test_by_product.py::test_by_product_1 (call)
Start time: 2023-12-24 16:15:53.563602
Start name method: authorization

End time: 2023-12-24 16:16:07.070953
End name method: authorization
URL: https://1001puzzle.ru/personal/

-----

-----
Test: tests/test_by_product.py::test_by_product_1 (call)
Start time: 2023-12-24 16:16:07.071953
Start name method: select_product1


-----
Test: tests/test_by_product.py::test_by_product_2 (call)
Start time: 2023-12-24 16:16:43.960798
Start name method: authorization

End time: 2023-12-24 16:16:58.206260
End name method: authorization
URL: https://1001puzzle.ru/personal/

-----

-----
Test: tests/test_by_product.py::test_by_product_2 (call)
Start time: 2023-12-24 16:16:58.207259
Start name method: select_product2

End time: 2023-12-24 16:17:18.312510
End name method: select_product2
URL: https://1001puzzle.ru/personal/cart/

-----

-----
Test: tests/test_by_product.py::test_by_product_3 (call)
Start time: 2023-12-24 16:17:32.080915
Start name method: authorization

End time: 2023-12-24 16:17:46.030071
End name method: authorization
URL: https://1001puzzle.ru/personal/

-----

-----
Test: tests/test_by_product.py::test_by_product_3 (call)
Start time: 2023-12-24 16:17:46.030071
Start name method: select_product3

End time: 2023-12-24 16:18:05.739253
End name method: select_product3
URL: https://1001puzzle.ru/personal/cart/

-----
