
-----
Test: tests/test_by_product.py::test_by_product_2 (call)
Start time: 2023-10-11 11:42:00.378344
Start name method: authorization

End time: 2023-10-11 11:42:14.167696
End name method: authorization
URL: https://1001puzzle.ru/personal/

-----

-----
Test: tests/test_by_product.py::test_by_product_2 (call)
Start time: 2023-10-11 11:42:14.167696
Start name method: select_product2

End time: 2023-10-11 11:42:31.860912
End name method: select_product2
URL: https://1001puzzle.ru/personal/cart/

-----

-----
Test: tests/test_by_product.py::test_by_product_3 (call)
Start time: 2023-10-11 11:42:44.995519
Start name method: authorization

End time: 2023-10-11 11:42:58.222034
End name method: authorization
URL: https://1001puzzle.ru/personal/

-----

-----
Test: tests/test_by_product.py::test_by_product_3 (call)
Start time: 2023-10-11 11:42:58.222034
Start name method: select_product3

End time: 2023-10-11 11:43:15.966900
End name method: select_product3
URL: https://1001puzzle.ru/personal/cart/

-----

-----
Test: tests/test_by_product.py::test_by_product_1 (call)
Start time: 2023-10-11 11:43:28.973444
Start name method: authorization

End time: 2023-10-11 11:43:41.367924
End name method: authorization
URL: https://1001puzzle.ru/personal/

-----

-----
Test: tests/test_by_product.py::test_by_product_1 (call)
Start time: 2023-10-11 11:43:41.367924
Start name method: select_product1

End time: 2023-10-11 11:43:59.234921
End name method: select_product1
URL: https://1001puzzle.ru/personal/cart/

-----

-----
Test: tests/test_by_product.py::test_by_product_1 (call)
Start time: 2023-10-11 11:44:04.630765
Start name method: input_information

End time: 2023-10-11 11:44:41.631890
End name method: input_information
URL: https://1001puzzle.ru/personal/order/make/

-----

-----
Test: tests/test_by_product.py::test_by_product_1 (call)
Start time: 2023-10-11 11:44:41.632890
Start name method: payment

End time: 2023-10-11 11:44:41.640890
End name method: payment
URL: https://1001puzzle.ru/personal/order/make/

-----

-----
Test: tests/test_by_product.py::test_by_product_1 (call)
Start time: 2023-10-11 11:44:41.640890
Start name method: finish

End time: 2023-10-11 11:44:41.830240
End name method: finish
URL: https://1001puzzle.ru/personal/order/make/

-----

-----
Test: tests/test_about_puzzle.py::test_puzzle_review (call)
Start time: 2023-10-11 11:44:54.580549
Start name method: authorization

End time: 2023-10-11 11:45:07.341297
End name method: authorization
URL: https://1001puzzle.ru/personal/

-----

-----
Test: tests/test_about_puzzle.py::test_puzzle_review (call)
Start time: 2023-10-11 11:45:07.341297
Start name method: select_about_puzzle

End time: 2023-10-11 11:45:25.092342
End name method: select_about_puzzle
URL: https://1001puzzle.ru/obzory/429295/

-----
