
-----
Test: tests/test_about_puzzle.py::test_puzzle_review (call)
Start time: 2023-12-24 11:54:53.423888
Start name method: authorization

End time: 2023-12-24 11:55:07.251646
End name method: authorization
URL: https://1001puzzle.ru/personal/

-----

-----
Test: tests/test_about_puzzle.py::test_puzzle_review (call)
Start time: 2023-12-24 11:55:07.251646
Start name method: select_about_puzzle

End time: 2023-12-24 11:55:27.537293
End name method: select_about_puzzle
URL: https://1001puzzle.ru/obzory/429295/

-----

-----
Test: tests/test_by_product.py::test_by_product_1 (call)
Start time: 2023-12-24 11:55:35.162891
Start name method: authorization

End time: 2023-12-24 11:55:49.227737
End name method: authorization
URL: https://1001puzzle.ru/personal/

-----

-----
Test: tests/test_by_product.py::test_by_product_1 (call)
Start time: 2023-12-24 11:55:49.228738
Start name method: select_product1

End time: 2023-12-24 11:56:08.298183
End name method: select_product1
URL: https://1001puzzle.ru/personal/cart/

-----

-----
Test: tests/test_by_product.py::test_by_product_2 (call)
Start time: 2023-12-24 11:56:09.849382
Start name method: authorization

End time: 2023-12-24 11:56:23.769172
End name method: authorization
URL: https://1001puzzle.ru/personal/

-----

-----
Test: tests/test_by_product.py::test_by_product_2 (call)
Start time: 2023-12-24 11:56:23.769172
Start name method: select_product2

End time: 2023-12-24 11:56:45.021675
End name method: select_product2
URL: https://1001puzzle.ru/personal/cart/

-----

-----
Test: tests/test_by_product.py::test_by_product_3 (call)
Start time: 2023-12-24 11:56:59.359396
Start name method: authorization

End time: 2023-12-24 11:57:12.584969
End name method: authorization
URL: https://1001puzzle.ru/personal/

-----

-----
Test: tests/test_by_product.py::test_by_product_3 (call)
Start time: 2023-12-24 11:57:12.584969
Start name method: select_product3

End time: 2023-12-24 11:57:31.000845
End name method: select_product3
URL: https://1001puzzle.ru/personal/cart/

-----
