
-----
Test: tests/test_by_product.py::test_by_product_2 (call)
Start time: 2023-10-18 18:05:07.210655
Start name method: authorization

End time: 2023-10-18 18:05:21.259999
End name method: authorization
URL: https://1001puzzle.ru/personal/

-----

-----
Test: tests/test_by_product.py::test_by_product_2 (call)
Start time: 2023-10-18 18:05:21.259999
Start name method: select_product2

End time: 2023-10-18 18:05:40.663213
End name method: select_product2
URL: https://1001puzzle.ru/personal/cart/

-----

-----
Test: tests/test_by_product.py::test_by_product_3 (call)
Start time: 2023-10-18 18:06:04.782766
Start name method: authorization

End time: 2023-10-18 18:06:18.248413
End name method: authorization
URL: https://1001puzzle.ru/personal/

-----

-----
Test: tests/test_by_product.py::test_by_product_3 (call)
Start time: 2023-10-18 18:06:18.248413
Start name method: select_product3

End time: 2023-10-18 18:06:39.210429
End name method: select_product3
URL: https://1001puzzle.ru/personal/cart/

-----

-----
Test: tests/test_by_product.py::test_by_product_1 (call)
Start time: 2023-10-18 18:06:53.197391
Start name method: authorization

End time: 2023-10-18 18:07:06.131914
End name method: authorization
URL: https://1001puzzle.ru/personal/

-----

-----
Test: tests/test_by_product.py::test_by_product_1 (call)
Start time: 2023-10-18 18:07:06.131914
Start name method: select_product1

End time: 2023-10-18 18:07:26.873609
End name method: select_product1
URL: https://1001puzzle.ru/personal/cart/

-----

-----
Test: tests/test_by_product.py::test_by_product_1 (call)
Start time: 2023-10-18 18:07:33.833042
Start name method: input_information

End time: 2023-10-18 18:08:12.782724
End name method: input_information
URL: https://1001puzzle.ru/personal/order/make/

-----

-----
Test: tests/test_by_product.py::test_by_product_1 (call)
Start time: 2023-10-18 18:08:12.782724
Start name method: payment

End time: 2023-10-18 18:08:12.791725
End name method: payment
URL: https://1001puzzle.ru/personal/order/make/

-----

-----
Test: tests/test_by_product.py::test_by_product_1 (call)
Start time: 2023-10-18 18:08:12.791725
Start name method: finish

End time: 2023-10-18 18:08:12.808725
End name method: finish
URL: https://1001puzzle.ru/personal/order/make/

-----

-----
Test: tests/test_about_puzzle.py::test_puzzle_review (call)
Start time: 2023-10-18 18:08:27.753041
Start name method: authorization

End time: 2023-10-18 18:08:41.054994
End name method: authorization
URL: https://1001puzzle.ru/personal/

-----

-----
Test: tests/test_about_puzzle.py::test_puzzle_review (call)
Start time: 2023-10-18 18:08:41.054994
Start name method: select_about_puzzle

End time: 2023-10-18 18:09:00.244731
End name method: select_about_puzzle
URL: https://1001puzzle.ru/obzory/429295/

-----
