
-----
Test: tests/test_by_product.py::test_by_product_2 (call)
Start time: 2023-10-11 17:49:13.649985
Start name method: authorization

End time: 2023-10-11 17:49:27.197585
End name method: authorization
URL: https://1001puzzle.ru/personal/

-----

-----
Test: tests/test_by_product.py::test_by_product_2 (call)
Start time: 2023-10-11 17:49:27.197585
Start name method: select_product2

End time: 2023-10-11 17:49:45.249287
End name method: select_product2
URL: https://1001puzzle.ru/personal/cart/

-----

-----
Test: tests/test_by_product.py::test_by_product_3 (call)
Start time: 2023-10-11 17:49:58.783505
Start name method: authorization

End time: 2023-10-11 17:50:11.986467
End name method: authorization
URL: https://1001puzzle.ru/personal/

-----

-----
Test: tests/test_by_product.py::test_by_product_3 (call)
Start time: 2023-10-11 17:50:11.986467
Start name method: select_product3

End time: 2023-10-11 17:50:30.458285
End name method: select_product3
URL: https://1001puzzle.ru/personal/cart/

-----

-----
Test: tests/test_by_product.py::test_by_product_1 (call)
Start time: 2023-10-11 17:50:43.559886
Start name method: authorization

End time: 2023-10-11 17:50:56.445965
End name method: authorization
URL: https://1001puzzle.ru/personal/

-----

-----
Test: tests/test_by_product.py::test_by_product_1 (call)
Start time: 2023-10-11 17:50:56.445965
Start name method: select_product1

End time: 2023-10-11 17:51:15.684325
End name method: select_product1
URL: https://1001puzzle.ru/personal/cart/

-----

-----
Test: tests/test_by_product.py::test_by_product_1 (call)
Start time: 2023-10-11 17:51:21.646526
Start name method: input_information

End time: 2023-10-11 17:51:58.583352
End name method: input_information
URL: https://1001puzzle.ru/personal/order/make/

-----

-----
Test: tests/test_by_product.py::test_by_product_1 (call)
Start time: 2023-10-11 17:51:58.583352
Start name method: payment

End time: 2023-10-11 17:51:58.588352
End name method: payment
URL: https://1001puzzle.ru/personal/order/make/

-----

-----
Test: tests/test_by_product.py::test_by_product_1 (call)
Start time: 2023-10-11 17:51:58.588352
Start name method: finish

End time: 2023-10-11 17:51:58.764353
End name method: finish
URL: https://1001puzzle.ru/personal/order/make/

-----

-----
Test: tests/test_about_puzzle.py::test_puzzle_review (call)
Start time: 2023-10-11 17:52:11.917688
Start name method: authorization

End time: 2023-10-11 17:52:25.087631
End name method: authorization
URL: https://1001puzzle.ru/personal/

-----

-----
Test: tests/test_about_puzzle.py::test_puzzle_review (call)
Start time: 2023-10-11 17:52:25.087631
Start name method: select_about_puzzle

End time: 2023-10-11 17:52:42.998555
End name method: select_about_puzzle
URL: https://1001puzzle.ru/obzory/429295/

-----
