
-----
Test: tests/test_about_puzzle.py::test_puzzle_review (call)
Start time: 2023-12-24 17:06:39.100839
Start name method: authorization

End time: 2023-12-24 17:06:52.570195
End name method: authorization
URL: https://1001puzzle.ru/personal/

-----

-----
Test: tests/test_about_puzzle.py::test_puzzle_review (call)
Start time: 2023-12-24 17:06:52.570195
Start name method: select_about_puzzle

End time: 2023-12-24 17:07:12.704268
End name method: select_about_puzzle
URL: https://1001puzzle.ru/obzory/429295/

-----

-----
Test: tests/test_by_product.py::test_by_product_1 (call)
Start time: 2023-12-24 17:07:20.361913
Start name method: authorization

End time: 2023-12-24 17:07:33.641078
End name method: authorization
URL: https://1001puzzle.ru/personal/

-----

-----
Test: tests/test_by_product.py::test_by_product_1 (call)
Start time: 2023-12-24 17:07:33.641078
Start name method: select_product1


-----
Test: tests/test_by_product.py::test_by_product_2 (call)
Start time: 2023-12-24 17:08:10.605412
Start name method: authorization

End time: 2023-12-24 17:08:24.024145
End name method: authorization
URL: https://1001puzzle.ru/personal/

-----

-----
Test: tests/test_by_product.py::test_by_product_2 (call)
Start time: 2023-12-24 17:08:24.024145
Start name method: select_product2

End time: 2023-12-24 17:08:45.892478
End name method: select_product2
URL: https://1001puzzle.ru/personal/cart/

-----

-----
Test: tests/test_by_product.py::test_by_product_3 (call)
Start time: 2023-12-24 17:08:59.156538
Start name method: authorization

End time: 2023-12-24 17:09:12.064148
End name method: authorization
URL: https://1001puzzle.ru/personal/

-----

-----
Test: tests/test_by_product.py::test_by_product_3 (call)
Start time: 2023-12-24 17:09:12.064148
Start name method: select_product3

End time: 2023-12-24 17:09:33.711105
End name method: select_product3
URL: https://1001puzzle.ru/personal/cart/

-----

-----
Test: tests/test_by_product.py::test_by_product_3 (call)
Start time: 2023-12-24 17:09:39.633840
Start name method: input_information

