
-----
Test: tests/test_about_puzzle.py::test_puzzle_review (call)
Start time: 2023-12-24 15:45:38.890256
Start name method: authorization

End time: 2023-12-24 15:45:52.506139
End name method: authorization
URL: https://1001puzzle.ru/personal/

-----

-----
Test: tests/test_about_puzzle.py::test_puzzle_review (call)
Start time: 2023-12-24 15:45:52.506139
Start name method: select_about_puzzle

End time: 2023-12-24 15:46:11.922929
End name method: select_about_puzzle
URL: https://1001puzzle.ru/obzory/429295/

-----

-----
Test: tests/test_by_product.py::test_by_product_1 (call)
Start time: 2023-12-24 15:46:19.559597
Start name method: authorization

End time: 2023-12-24 15:46:33.077177
End name method: authorization
URL: https://1001puzzle.ru/personal/

-----

-----
Test: tests/test_by_product.py::test_by_product_1 (call)
Start time: 2023-12-24 15:46:33.077177
Start name method: select_product1

End time: 2023-12-24 15:46:52.825815
End name method: select_product1
URL: https://1001puzzle.ru/personal/cart/

-----

-----
Test: tests/test_by_product.py::test_by_product_1 (call)
Start time: 2023-12-24 15:46:58.665430
Start name method: input_information

End time: 2023-12-24 15:47:01.045785
End name method: input_information
URL: https://1001puzzle.ru/personal/order/make/

-----

-----
Test: tests/test_by_product.py::test_by_product_1 (call)
Start time: 2023-12-24 15:47:01.045785
Start name method: payment

End time: 2023-12-24 15:47:01.050785
End name method: payment
URL: https://1001puzzle.ru/personal/order/make/

-----

-----
Test: tests/test_by_product.py::test_by_product_1 (call)
Start time: 2023-12-24 15:47:01.050785
Start name method: finish

End time: 2023-12-24 15:47:01.066785
End name method: finish
URL: https://1001puzzle.ru/personal/order/make/

-----

-----
Test: tests/test_by_product.py::test_by_product_2 (call)
Start time: 2023-12-24 15:47:13.718042
Start name method: authorization

End time: 2023-12-24 15:47:26.465171
End name method: authorization
URL: https://1001puzzle.ru/personal/

-----

-----
Test: tests/test_by_product.py::test_by_product_2 (call)
Start time: 2023-12-24 15:47:26.465171
Start name method: select_product2


-----
Test: tests/test_by_product.py::test_by_product_3 (call)
Start time: 2023-12-24 15:48:12.190398
Start name method: authorization

End time: 2023-12-24 15:48:25.442051
End name method: authorization
URL: https://1001puzzle.ru/personal/

-----

-----
Test: tests/test_by_product.py::test_by_product_3 (call)
Start time: 2023-12-24 15:48:25.443050
Start name method: select_product3

